[32m[Nest] 36968  - [39m2026/04/21 21:54:14 [32m    LOG[39m [38;5;3m[NestFactory] [39m[32mStarting Nest application...[39m
[32m[Nest] 36968  - [39m2026/04/21 21:54:14 [32m    LOG[39m [38;5;3m[InstanceLoader] [39m[32mTypeOrmModule dependencies initialized[39m[38;5;3m +10ms[39m
[32m[Nest] 36968  - [39m2026/04/21 21:54:14 [32m    LOG[39m [38;5;3m[InstanceLoader] [39m[32mPassportModule dependencies initialized[39m[38;5;3m +3ms[39m
[32m[Nest] 36968  - [39m2026/04/21 21:54:14 [32m    LOG[39m [38;5;3m[InstanceLoader] [39m[32mConfigHostModule dependencies initialized[39m[38;5;3m +3ms[39m
[32m[Nest] 36968  - [39m2026/04/21 21:54:14 [32m    LOG[39m [38;5;3m[InstanceLoader] [39m[32mAppModule dependencies initialized[39m[38;5;3m +3ms[39m
[32m[Nest] 36968  - [39m2026/04/21 21:54:14 [32m    LOG[39m [38;5;3m[InstanceLoader] [39m[32mConfigModule dependencies initialized[39m[38;5;3m +0ms[39m
[32m[Nest] 36968  - [39m2026/04/21 21:54:14 [32m    LOG[39m [38;5;3m[InstanceLoader] [39m[32mConfigModule dependencies initialized[39m[38;5;3m +0ms[39m
[32m[Nest] 36968  - [39m2026/04/21 21:54:14 [32m    LOG[39m [38;5;3m[InstanceLoader] [39m[32mSmsModule dependencies initialized[39m[38;5;3m +36ms[39m
[32m[Nest] 36968  - [39m2026/04/21 21:54:14 [32m    LOG[39m [38;5;3m[InstanceLoader] [39m[32mJwtModule dependencies initialized[39m[38;5;3m +1ms[39m
[32m[Nest] 36968  - [39m2026/04/21 21:54:14 [32m    LOG[39m [38;5;3m[RateLimitModule] [39m[32mRate limit driver initialized with Redis and recoverable memory fallback[39m
[32m[Nest] 36968  - [39m2026/04/21 21:54:14 [32m    LOG[39m [38;5;3m[InstanceLoader] [39m[32mRateLimitModule dependencies initialized[39m[38;5;3m +0ms[39m
query: SELECT version()
query: SELECT * FROM current_schema()
query: CREATE EXTENSION IF NOT EXISTS "uuid-ossp"
[32m[Nest] 36968  - [39m2026/04/21 21:54:14 [32m    LOG[39m [38;5;3m[InstanceLoader] [39m[32mTypeOrmCoreModule dependencies initialized[39m[38;5;3m +51ms[39m
[32m[Nest] 36968  - [39m2026/04/21 21:54:14 [32m    LOG[39m [38;5;3m[InstanceLoader] [39m[32mTypeOrmModule dependencies initialized[39m[38;5;3m +0ms[39m
[32m[Nest] 36968  - [39m2026/04/21 21:54:14 [32m    LOG[39m [38;5;3m[InstanceLoader] [39m[32mTypeOrmModule dependencies initialized[39m[38;5;3m +0ms[39m
[32m[Nest] 36968  - [39m2026/04/21 21:54:14 [32m    LOG[39m [38;5;3m[InstanceLoader] [39m[32mTypeOrmModule dependencies initialized[39m[38;5;3m +0ms[39m
[32m[Nest] 36968  - [39m2026/04/21 21:54:14 [32m    LOG[39m [38;5;3m[InstanceLoader] [39m[32mUserModule dependencies initialized[39m[38;5;3m +1ms[39m
[32m[Nest] 36968  - [39m2026/04/21 21:54:14 [32m    LOG[39m [38;5;3m[InstanceLoader] [39m[32mConfigAppModule dependencies initialized[39m[38;5;3m +0ms[39m
[32m[Nest] 36968  - [39m2026/04/21 21:54:14 [32m    LOG[39m [38;5;3m[InstanceLoader] [39m[32mAuthModule dependencies initialized[39m[38;5;3m +0ms[39m
[32m[Nest] 36968  - [39m2026/04/21 21:54:14 [32m    LOG[39m [38;5;3m[RoutesResolver] [39m[32mAuthController {/api/v1/auth}:[39m[38;5;3m +13ms[39m
[32m[Nest] 36968  - [39m2026/04/21 21:54:14 [32m    LOG[39m [38;5;3m[RouterExplorer] [39m[32mMapped {/api/v1/auth/send-code, POST} route[39m[38;5;3m +1ms[39m
[32m[Nest] 36968  - [39m2026/04/21 21:54:14 [32m    LOG[39m [38;5;3m[RouterExplorer] [39m[32mMapped {/api/v1/auth/login, POST} route[39m[38;5;3m +1ms[39m
[32m[Nest] 36968  - [39m2026/04/21 21:54:14 [32m    LOG[39m [38;5;3m[RouterExplorer] [39m[32mMapped {/api/v1/auth/refresh, POST} route[39m[38;5;3m +0ms[39m
[32m[Nest] 36968  - [39m2026/04/21 21:54:14 [32m    LOG[39m [38;5;3m[RouterExplorer] [39m[32mMapped {/api/v1/auth/logout, POST} route[39m[38;5;3m +0ms[39m
[32m[Nest] 36968  - [39m2026/04/21 21:54:14 [32m    LOG[39m [38;5;3m[RouterExplorer] [39m[32mMapped {/api/v1/auth/me, GET} route[39m[38;5;3m +1ms[39m
[32m[Nest] 36968  - [39m2026/04/21 21:54:14 [32m    LOG[39m [38;5;3m[RoutesResolver] [39m[32mConfigController {/api/v1/config}:[39m[38;5;3m +0ms[39m
[32m[Nest] 36968  - [39m2026/04/21 21:54:14 [32m    LOG[39m [38;5;3m[RouterExplorer] [39m[32mMapped {/api/v1/config/dial-prefixes, GET} route[39m[38;5;3m +0ms[39m
[32m[Nest] 36968  - [39m2026/04/21 21:54:14 [32m    LOG[39m [38;5;3m[RouterExplorer] [39m[32mMapped {/api/v1/config/notices, GET} route[39m[38;5;3m +0ms[39m
[32m[Nest] 36968  - [39m2026/04/21 21:54:14 [32m    LOG[39m [38;5;3m[NestApplication] [39m[32mNest application successfully started[39m[38;5;3m +2ms[39m
query: START TRANSACTION
query: INSERT INTO "auth_codes"("id", "phone", "code_hash", "expired_at", "used_at", "send_ip", "created_at") VALUES (DEFAULT, $1, $2, $3, $4, $5, DEFAULT) RETURNING "id", "created_at" -- PARAMETERS: ["13900001071","$2a$10$KFscmNjFDpGp.fuKwneVGOqJPWhhwgKSfY9cotAeQK4EJKnErwVVm","2026-04-21T13:59:37.153Z",null,"::ffff:127.0.0.1"]
query: COMMIT
[33m[Nest] 36968  - [39m2026/04/21 21:54:37 [33m   WARN[39m [38;5;3m[NoopSmsProvider] [39m[33mnoop SMS provider used for 13900001071, code=123456[39m
query: SELECT "AuthCodeEntity"."id" AS "AuthCodeEntity_id", "AuthCodeEntity"."phone" AS "AuthCodeEntity_phone", "AuthCodeEntity"."code_hash" AS "AuthCodeEntity_code_hash", "AuthCodeEntity"."expired_at" AS "AuthCodeEntity_expired_at", "AuthCodeEntity"."used_at" AS "AuthCodeEntity_used_at", "AuthCodeEntity"."send_ip" AS "AuthCodeEntity_send_ip", "AuthCodeEntity"."created_at" AS "AuthCodeEntity_created_at" FROM "auth_codes" "AuthCodeEntity" WHERE (("AuthCodeEntity"."phone" = $1) AND ("AuthCodeEntity"."used_at" IS NULL)) ORDER BY "AuthCodeEntity"."created_at" DESC LIMIT 1 -- PARAMETERS: ["13900001071"]
query: SELECT "AuthCodeEntity"."id" AS "AuthCodeEntity_id", "AuthCodeEntity"."phone" AS "AuthCodeEntity_phone", "AuthCodeEntity"."code_hash" AS "AuthCodeEntity_code_hash", "AuthCodeEntity"."expired_at" AS "AuthCodeEntity_expired_at", "AuthCodeEntity"."used_at" AS "AuthCodeEntity_used_at", "AuthCodeEntity"."send_ip" AS "AuthCodeEntity_send_ip", "AuthCodeEntity"."created_at" AS "AuthCodeEntity_created_at" FROM "auth_codes" "AuthCodeEntity" WHERE "AuthCodeEntity"."id" IN ($1) -- PARAMETERS: ["32f3812a-de2c-440f-9a88-726e1479a212"]
query: START TRANSACTION
query: UPDATE "auth_codes" SET "used_at" = $1 WHERE "id" IN ($2) -- PARAMETERS: ["2026-04-21T13:54:37.280Z","32f3812a-de2c-440f-9a88-726e1479a212"]
query: COMMIT
query: SELECT "UserEntity"."id" AS "UserEntity_id", "UserEntity"."phone" AS "UserEntity_phone", "UserEntity"."status" AS "UserEntity_status", "UserEntity"."created_at" AS "UserEntity_created_at", "UserEntity"."last_login_at" AS "UserEntity_last_login_at" FROM "users" "UserEntity" WHERE (("UserEntity"."phone" = $1)) LIMIT 1 -- PARAMETERS: ["13900001071"]
query: START TRANSACTION
query: INSERT INTO "users"("id", "phone", "status", "created_at", "last_login_at") VALUES (DEFAULT, $1, $2, DEFAULT, $3) RETURNING "id", "status", "created_at" -- PARAMETERS: ["13900001071","active","2026-04-21T13:54:37.288Z"]
query: COMMIT
query: UPDATE "users" SET "last_login_at" = $1 WHERE "id" IN ($2) -- PARAMETERS: ["2026-04-21T13:54:37.291Z","7e174e9d-89df-41c5-bb5c-c97ca4202a87"]
query: START TRANSACTION
query: INSERT INTO "refresh_tokens"("id", "user_id", "token_hash", "device_id", "expired_at", "revoked_at", "created_at") VALUES (DEFAULT, $1, $2, $3, $4, $5, DEFAULT) RETURNING "id", "created_at" -- PARAMETERS: ["7e174e9d-89df-41c5-bb5c-c97ca4202a87","4f62bebd6f21ffbccb4728544c183b703bbde68b4d2d5bee0c70fe3f61b32dbf","round4-smoke-1776779677023","2026-05-21T13:54:37.295Z",null]
query: COMMIT
query: SELECT "UserEntity"."id" AS "UserEntity_id", "UserEntity"."phone" AS "UserEntity_phone", "UserEntity"."status" AS "UserEntity_status", "UserEntity"."created_at" AS "UserEntity_created_at", "UserEntity"."last_login_at" AS "UserEntity_last_login_at" FROM "users" "UserEntity" WHERE (("UserEntity"."id" = $1)) LIMIT 1 -- PARAMETERS: ["7e174e9d-89df-41c5-bb5c-c97ca4202a87"]
query: SELECT "DialPrefixConfigEntity"."id" AS "DialPrefixConfigEntity_id", "DialPrefixConfigEntity"."country_code" AS "DialPrefixConfigEntity_country_code", "DialPrefixConfigEntity"."carrier_name" AS "DialPrefixConfigEntity_carrier_name", "DialPrefixConfigEntity"."prefix" AS "DialPrefixConfigEntity_prefix", "DialPrefixConfigEntity"."status" AS "DialPrefixConfigEntity_status", "DialPrefixConfigEntity"."priority" AS "DialPrefixConfigEntity_priority", "DialPrefixConfigEntity"."remark" AS "DialPrefixConfigEntity_remark", "DialPrefixConfigEntity"."created_at" AS "DialPrefixConfigEntity_created_at", "DialPrefixConfigEntity"."updated_at" AS "DialPrefixConfigEntity_updated_at" FROM "dial_prefix_configs" "DialPrefixConfigEntity" WHERE (("DialPrefixConfigEntity"."country_code" = $1) AND ("DialPrefixConfigEntity"."status" = $2)) ORDER BY "DialPrefixConfigEntity"."priority" DESC, "DialPrefixConfigEntity"."carrier_name" ASC -- PARAMETERS: ["CN","active"]
query: SELECT "notice"."id" AS "notice_id", "notice"."title" AS "notice_title", "notice"."content" AS "notice_content", "notice"."type" AS "notice_type", "notice"."status" AS "notice_status", "notice"."start_at" AS "notice_start_at", "notice"."end_at" AS "notice_end_at", "notice"."created_at" AS "notice_created_at" FROM "notices" "notice" WHERE "notice"."status" = $1 AND ("notice"."start_at" IS NULL OR "notice"."start_at" <= $2) AND ("notice"."end_at" IS NULL OR "notice"."end_at" >= $2) ORDER BY "notice"."created_at" DESC -- PARAMETERS: ["active","2026-04-21T13:54:37.312Z"]
query: SELECT "RefreshTokenEntity"."id" AS "RefreshTokenEntity_id", "RefreshTokenEntity"."user_id" AS "RefreshTokenEntity_user_id", "RefreshTokenEntity"."token_hash" AS "RefreshTokenEntity_token_hash", "RefreshTokenEntity"."device_id" AS "RefreshTokenEntity_device_id", "RefreshTokenEntity"."expired_at" AS "RefreshTokenEntity_expired_at", "RefreshTokenEntity"."revoked_at" AS "RefreshTokenEntity_revoked_at", "RefreshTokenEntity"."created_at" AS "RefreshTokenEntity_created_at" FROM "refresh_tokens" "RefreshTokenEntity" WHERE (("RefreshTokenEntity"."token_hash" = $1) AND ("RefreshTokenEntity"."revoked_at" IS NULL)) ORDER BY "RefreshTokenEntity"."created_at" DESC LIMIT 1 -- PARAMETERS: ["4f62bebd6f21ffbccb4728544c183b703bbde68b4d2d5bee0c70fe3f61b32dbf"]
query: SELECT "RefreshTokenEntity"."id" AS "RefreshTokenEntity_id", "RefreshTokenEntity"."user_id" AS "RefreshTokenEntity_user_id", "RefreshTokenEntity"."token_hash" AS "RefreshTokenEntity_token_hash", "RefreshTokenEntity"."device_id" AS "RefreshTokenEntity_device_id", "RefreshTokenEntity"."expired_at" AS "RefreshTokenEntity_expired_at", "RefreshTokenEntity"."revoked_at" AS "RefreshTokenEntity_revoked_at", "RefreshTokenEntity"."created_at" AS "RefreshTokenEntity_created_at" FROM "refresh_tokens" "RefreshTokenEntity" WHERE "RefreshTokenEntity"."id" IN ($1) -- PARAMETERS: ["0096a445-3b47-45c7-bb2b-da25a8037227"]
query: START TRANSACTION
query: UPDATE "refresh_tokens" SET "revoked_at" = $1 WHERE "id" IN ($2) -- PARAMETERS: ["2026-04-21T13:54:37.318Z","0096a445-3b47-45c7-bb2b-da25a8037227"]
query: COMMIT
query: START TRANSACTION
query: INSERT INTO "refresh_tokens"("id", "user_id", "token_hash", "device_id", "expired_at", "revoked_at", "created_at") VALUES (DEFAULT, $1, $2, $3, $4, $5, DEFAULT) RETURNING "id", "created_at" -- PARAMETERS: ["7e174e9d-89df-41c5-bb5c-c97ca4202a87","0235cf45b58c105251b940ae4356d434686fa5367d49ddc317f4ccadc4a86d80","round4-smoke-1776779677023","2026-05-21T13:54:37.320Z",null]
query: COMMIT
query: SELECT "RefreshTokenEntity"."id" AS "RefreshTokenEntity_id", "RefreshTokenEntity"."user_id" AS "RefreshTokenEntity_user_id", "RefreshTokenEntity"."token_hash" AS "RefreshTokenEntity_token_hash", "RefreshTokenEntity"."device_id" AS "RefreshTokenEntity_device_id", "RefreshTokenEntity"."expired_at" AS "RefreshTokenEntity_expired_at", "RefreshTokenEntity"."revoked_at" AS "RefreshTokenEntity_revoked_at", "RefreshTokenEntity"."created_at" AS "RefreshTokenEntity_created_at" FROM "refresh_tokens" "RefreshTokenEntity" WHERE (("RefreshTokenEntity"."user_id" = $1) AND ("RefreshTokenEntity"."token_hash" = $2) AND ("RefreshTokenEntity"."revoked_at" IS NULL)) LIMIT 1 -- PARAMETERS: ["7e174e9d-89df-41c5-bb5c-c97ca4202a87","0235cf45b58c105251b940ae4356d434686fa5367d49ddc317f4ccadc4a86d80"]
query: SELECT "RefreshTokenEntity"."id" AS "RefreshTokenEntity_id", "RefreshTokenEntity"."user_id" AS "RefreshTokenEntity_user_id", "RefreshTokenEntity"."token_hash" AS "RefreshTokenEntity_token_hash", "RefreshTokenEntity"."device_id" AS "RefreshTokenEntity_device_id", "RefreshTokenEntity"."expired_at" AS "RefreshTokenEntity_expired_at", "RefreshTokenEntity"."revoked_at" AS "RefreshTokenEntity_revoked_at", "RefreshTokenEntity"."created_at" AS "RefreshTokenEntity_created_at" FROM "refresh_tokens" "RefreshTokenEntity" WHERE "RefreshTokenEntity"."id" IN ($1) -- PARAMETERS: ["3333cace-ebca-49fb-87bb-7e3e4f0820d7"]
query: START TRANSACTION
query: UPDATE "refresh_tokens" SET "revoked_at" = $1 WHERE "id" IN ($2) -- PARAMETERS: ["2026-04-21T13:54:37.326Z","3333cace-ebca-49fb-87bb-7e3e4f0820d7"]
query: COMMIT
