[32m[Nest] 6104  - [39m2026/04/21 22:02:46 [32m    LOG[39m [38;5;3m[NestFactory] [39m[32mStarting Nest application...[39m
[32m[Nest] 6104  - [39m2026/04/21 22:02:46 [32m    LOG[39m [38;5;3m[InstanceLoader] [39m[32mTypeOrmModule dependencies initialized[39m[38;5;3m +10ms[39m
[32m[Nest] 6104  - [39m2026/04/21 22:02:46 [32m    LOG[39m [38;5;3m[InstanceLoader] [39m[32mPassportModule dependencies initialized[39m[38;5;3m +3ms[39m
[32m[Nest] 6104  - [39m2026/04/21 22:02:46 [32m    LOG[39m [38;5;3m[InstanceLoader] [39m[32mConfigHostModule dependencies initialized[39m[38;5;3m +3ms[39m
[32m[Nest] 6104  - [39m2026/04/21 22:02:46 [32m    LOG[39m [38;5;3m[InstanceLoader] [39m[32mAppModule dependencies initialized[39m[38;5;3m +3ms[39m
[32m[Nest] 6104  - [39m2026/04/21 22:02:46 [32m    LOG[39m [38;5;3m[InstanceLoader] [39m[32mConfigModule dependencies initialized[39m[38;5;3m +1ms[39m
[32m[Nest] 6104  - [39m2026/04/21 22:02:46 [32m    LOG[39m [38;5;3m[InstanceLoader] [39m[32mConfigModule dependencies initialized[39m[38;5;3m +0ms[39m
[32m[Nest] 6104  - [39m2026/04/21 22:02:46 [32m    LOG[39m [38;5;3m[InstanceLoader] [39m[32mSmsModule dependencies initialized[39m[38;5;3m +32ms[39m
[32m[Nest] 6104  - [39m2026/04/21 22:02:46 [32m    LOG[39m [38;5;3m[InstanceLoader] [39m[32mJwtModule dependencies initialized[39m[38;5;3m +0ms[39m
[32m[Nest] 6104  - [39m2026/04/21 22:02:46 [32m    LOG[39m [38;5;3m[RateLimitModule] [39m[32mRate limit driver initialized with Redis and recoverable memory fallback[39m
[32m[Nest] 6104  - [39m2026/04/21 22:02:46 [32m    LOG[39m [38;5;3m[InstanceLoader] [39m[32mRateLimitModule dependencies initialized[39m[38;5;3m +1ms[39m
query: SELECT version()
query: SELECT * FROM current_schema()
query: CREATE EXTENSION IF NOT EXISTS "uuid-ossp"
[32m[Nest] 6104  - [39m2026/04/21 22:02:47 [32m    LOG[39m [38;5;3m[InstanceLoader] [39m[32mTypeOrmCoreModule dependencies initialized[39m[38;5;3m +52ms[39m
[32m[Nest] 6104  - [39m2026/04/21 22:02:47 [32m    LOG[39m [38;5;3m[InstanceLoader] [39m[32mTypeOrmModule dependencies initialized[39m[38;5;3m +0ms[39m
[32m[Nest] 6104  - [39m2026/04/21 22:02:47 [32m    LOG[39m [38;5;3m[InstanceLoader] [39m[32mTypeOrmModule dependencies initialized[39m[38;5;3m +0ms[39m
[32m[Nest] 6104  - [39m2026/04/21 22:02:47 [32m    LOG[39m [38;5;3m[InstanceLoader] [39m[32mTypeOrmModule dependencies initialized[39m[38;5;3m +0ms[39m
[32m[Nest] 6104  - [39m2026/04/21 22:02:47 [32m    LOG[39m [38;5;3m[InstanceLoader] [39m[32mUserModule dependencies initialized[39m[38;5;3m +0ms[39m
[32m[Nest] 6104  - [39m2026/04/21 22:02:47 [32m    LOG[39m [38;5;3m[InstanceLoader] [39m[32mConfigAppModule dependencies initialized[39m[38;5;3m +1ms[39m
[32m[Nest] 6104  - [39m2026/04/21 22:02:47 [32m    LOG[39m [38;5;3m[InstanceLoader] [39m[32mAuthModule dependencies initialized[39m[38;5;3m +0ms[39m
[32m[Nest] 6104  - [39m2026/04/21 22:02:47 [32m    LOG[39m [38;5;3m[RoutesResolver] [39m[32mAuthController {/api/v1/auth}:[39m[38;5;3m +11ms[39m
[32m[Nest] 6104  - [39m2026/04/21 22:02:47 [32m    LOG[39m [38;5;3m[RouterExplorer] [39m[32mMapped {/api/v1/auth/send-code, POST} route[39m[38;5;3m +2ms[39m
[32m[Nest] 6104  - [39m2026/04/21 22:02:47 [32m    LOG[39m [38;5;3m[RouterExplorer] [39m[32mMapped {/api/v1/auth/login, POST} route[39m[38;5;3m +0ms[39m
[32m[Nest] 6104  - [39m2026/04/21 22:02:47 [32m    LOG[39m [38;5;3m[RouterExplorer] [39m[32mMapped {/api/v1/auth/refresh, POST} route[39m[38;5;3m +1ms[39m
[32m[Nest] 6104  - [39m2026/04/21 22:02:47 [32m    LOG[39m [38;5;3m[RouterExplorer] [39m[32mMapped {/api/v1/auth/logout, POST} route[39m[38;5;3m +0ms[39m
[32m[Nest] 6104  - [39m2026/04/21 22:02:47 [32m    LOG[39m [38;5;3m[RouterExplorer] [39m[32mMapped {/api/v1/auth/me, GET} route[39m[38;5;3m +0ms[39m
[32m[Nest] 6104  - [39m2026/04/21 22:02:47 [32m    LOG[39m [38;5;3m[RoutesResolver] [39m[32mConfigController {/api/v1/config}:[39m[38;5;3m +0ms[39m
[32m[Nest] 6104  - [39m2026/04/21 22:02:47 [32m    LOG[39m [38;5;3m[RouterExplorer] [39m[32mMapped {/api/v1/config/dial-prefixes, GET} route[39m[38;5;3m +1ms[39m
[32m[Nest] 6104  - [39m2026/04/21 22:02:47 [32m    LOG[39m [38;5;3m[RouterExplorer] [39m[32mMapped {/api/v1/config/notices, GET} route[39m[38;5;3m +0ms[39m
[32m[Nest] 6104  - [39m2026/04/21 22:02:47 [32m    LOG[39m [38;5;3m[NestApplication] [39m[32mNest application successfully started[39m[38;5;3m +1ms[39m
query: START TRANSACTION
query: INSERT INTO "auth_codes"("id", "phone", "code_hash", "expired_at", "used_at", "send_ip", "created_at") VALUES (DEFAULT, $1, $2, $3, $4, $5, DEFAULT) RETURNING "id", "created_at" -- PARAMETERS: ["13900001091","$2a$10$lRapPxXGDIVHxomIrSJT5eantas.oQ7T5qZLvhegRcrUDBauCj/V2","2026-04-21T14:07:48.258Z",null,"::ffff:127.0.0.1"]
query: COMMIT
[33m[Nest] 6104  - [39m2026/04/21 22:02:48 [33m   WARN[39m [38;5;3m[NoopSmsProvider] [39m[33mnoop SMS provider used for 13900001091, code=123456[39m
query: SELECT "AuthCodeEntity"."id" AS "AuthCodeEntity_id", "AuthCodeEntity"."phone" AS "AuthCodeEntity_phone", "AuthCodeEntity"."code_hash" AS "AuthCodeEntity_code_hash", "AuthCodeEntity"."expired_at" AS "AuthCodeEntity_expired_at", "AuthCodeEntity"."used_at" AS "AuthCodeEntity_used_at", "AuthCodeEntity"."send_ip" AS "AuthCodeEntity_send_ip", "AuthCodeEntity"."created_at" AS "AuthCodeEntity_created_at" FROM "auth_codes" "AuthCodeEntity" WHERE (("AuthCodeEntity"."phone" = $1) AND ("AuthCodeEntity"."used_at" IS NULL)) ORDER BY "AuthCodeEntity"."created_at" DESC LIMIT 1 -- PARAMETERS: ["13900001091"]
query: SELECT "AuthCodeEntity"."id" AS "AuthCodeEntity_id", "AuthCodeEntity"."phone" AS "AuthCodeEntity_phone", "AuthCodeEntity"."code_hash" AS "AuthCodeEntity_code_hash", "AuthCodeEntity"."expired_at" AS "AuthCodeEntity_expired_at", "AuthCodeEntity"."used_at" AS "AuthCodeEntity_used_at", "AuthCodeEntity"."send_ip" AS "AuthCodeEntity_send_ip", "AuthCodeEntity"."created_at" AS "AuthCodeEntity_created_at" FROM "auth_codes" "AuthCodeEntity" WHERE "AuthCodeEntity"."id" IN ($1) -- PARAMETERS: ["6a7153be-6253-4136-b407-1ad74f9e3765"]
query: START TRANSACTION
query: UPDATE "auth_codes" SET "used_at" = $1 WHERE "id" IN ($2) -- PARAMETERS: ["2026-04-21T14:02:48.336Z","6a7153be-6253-4136-b407-1ad74f9e3765"]
query: COMMIT
query: SELECT "UserEntity"."id" AS "UserEntity_id", "UserEntity"."phone" AS "UserEntity_phone", "UserEntity"."status" AS "UserEntity_status", "UserEntity"."created_at" AS "UserEntity_created_at", "UserEntity"."last_login_at" AS "UserEntity_last_login_at" FROM "users" "UserEntity" WHERE (("UserEntity"."phone" = $1)) LIMIT 1 -- PARAMETERS: ["13900001091"]
query: START TRANSACTION
query: INSERT INTO "users"("id", "phone", "status", "created_at", "last_login_at") VALUES (DEFAULT, $1, $2, DEFAULT, $3) RETURNING "id", "status", "created_at" -- PARAMETERS: ["13900001091","active","2026-04-21T14:02:48.343Z"]
query: COMMIT
query: UPDATE "users" SET "last_login_at" = $1 WHERE "id" IN ($2) -- PARAMETERS: ["2026-04-21T14:02:48.346Z","3d623b73-3c99-43d8-a03b-a389464aa7d6"]
query: START TRANSACTION
query: INSERT INTO "refresh_tokens"("id", "user_id", "token_hash", "device_id", "expired_at", "revoked_at", "created_at") VALUES (DEFAULT, $1, $2, $3, $4, $5, DEFAULT) RETURNING "id", "created_at" -- PARAMETERS: ["3d623b73-3c99-43d8-a03b-a389464aa7d6","ae31cee3009c14246722f50473dfd46f22aaf9b430ecbb8c396f911b2c8c434b","round4-smoke-1776780168176","2026-05-21T14:02:48.350Z",null]
query: COMMIT
query: SELECT "UserEntity"."id" AS "UserEntity_id", "UserEntity"."phone" AS "UserEntity_phone", "UserEntity"."status" AS "UserEntity_status", "UserEntity"."created_at" AS "UserEntity_created_at", "UserEntity"."last_login_at" AS "UserEntity_last_login_at" FROM "users" "UserEntity" WHERE (("UserEntity"."id" = $1)) LIMIT 1 -- PARAMETERS: ["3d623b73-3c99-43d8-a03b-a389464aa7d6"]
query: SELECT "DialPrefixConfigEntity"."id" AS "DialPrefixConfigEntity_id", "DialPrefixConfigEntity"."country_code" AS "DialPrefixConfigEntity_country_code", "DialPrefixConfigEntity"."carrier_name" AS "DialPrefixConfigEntity_carrier_name", "DialPrefixConfigEntity"."prefix" AS "DialPrefixConfigEntity_prefix", "DialPrefixConfigEntity"."status" AS "DialPrefixConfigEntity_status", "DialPrefixConfigEntity"."priority" AS "DialPrefixConfigEntity_priority", "DialPrefixConfigEntity"."remark" AS "DialPrefixConfigEntity_remark", "DialPrefixConfigEntity"."created_at" AS "DialPrefixConfigEntity_created_at", "DialPrefixConfigEntity"."updated_at" AS "DialPrefixConfigEntity_updated_at" FROM "dial_prefix_configs" "DialPrefixConfigEntity" WHERE (("DialPrefixConfigEntity"."country_code" = $1) AND ("DialPrefixConfigEntity"."status" = $2)) ORDER BY "DialPrefixConfigEntity"."priority" DESC, "DialPrefixConfigEntity"."carrier_name" ASC -- PARAMETERS: ["CN","active"]
query: SELECT "notice"."id" AS "notice_id", "notice"."title" AS "notice_title", "notice"."content" AS "notice_content", "notice"."type" AS "notice_type", "notice"."status" AS "notice_status", "notice"."start_at" AS "notice_start_at", "notice"."end_at" AS "notice_end_at", "notice"."created_at" AS "notice_created_at" FROM "notices" "notice" WHERE "notice"."status" = $1 AND ("notice"."start_at" IS NULL OR "notice"."start_at" <= $2) AND ("notice"."end_at" IS NULL OR "notice"."end_at" >= $2) ORDER BY "notice"."created_at" DESC -- PARAMETERS: ["active","2026-04-21T14:02:48.368Z"]
query: SELECT "RefreshTokenEntity"."id" AS "RefreshTokenEntity_id", "RefreshTokenEntity"."user_id" AS "RefreshTokenEntity_user_id", "RefreshTokenEntity"."token_hash" AS "RefreshTokenEntity_token_hash", "RefreshTokenEntity"."device_id" AS "RefreshTokenEntity_device_id", "RefreshTokenEntity"."expired_at" AS "RefreshTokenEntity_expired_at", "RefreshTokenEntity"."revoked_at" AS "RefreshTokenEntity_revoked_at", "RefreshTokenEntity"."created_at" AS "RefreshTokenEntity_created_at" FROM "refresh_tokens" "RefreshTokenEntity" WHERE (("RefreshTokenEntity"."token_hash" = $1) AND ("RefreshTokenEntity"."revoked_at" IS NULL)) ORDER BY "RefreshTokenEntity"."created_at" DESC LIMIT 1 -- PARAMETERS: ["ae31cee3009c14246722f50473dfd46f22aaf9b430ecbb8c396f911b2c8c434b"]
query: SELECT "RefreshTokenEntity"."id" AS "RefreshTokenEntity_id", "RefreshTokenEntity"."user_id" AS "RefreshTokenEntity_user_id", "RefreshTokenEntity"."token_hash" AS "RefreshTokenEntity_token_hash", "RefreshTokenEntity"."device_id" AS "RefreshTokenEntity_device_id", "RefreshTokenEntity"."expired_at" AS "RefreshTokenEntity_expired_at", "RefreshTokenEntity"."revoked_at" AS "RefreshTokenEntity_revoked_at", "RefreshTokenEntity"."created_at" AS "RefreshTokenEntity_created_at" FROM "refresh_tokens" "RefreshTokenEntity" WHERE "RefreshTokenEntity"."id" IN ($1) -- PARAMETERS: ["317d2cf1-336f-4b84-9f5e-79fe86c8959c"]
query: START TRANSACTION
query: UPDATE "refresh_tokens" SET "revoked_at" = $1 WHERE "id" IN ($2) -- PARAMETERS: ["2026-04-21T14:02:48.374Z","317d2cf1-336f-4b84-9f5e-79fe86c8959c"]
query: COMMIT
query: START TRANSACTION
query: INSERT INTO "refresh_tokens"("id", "user_id", "token_hash", "device_id", "expired_at", "revoked_at", "created_at") VALUES (DEFAULT, $1, $2, $3, $4, $5, DEFAULT) RETURNING "id", "created_at" -- PARAMETERS: ["3d623b73-3c99-43d8-a03b-a389464aa7d6","758033296eddc43fabd9a9738b9740772aea7179c7a71a9f75e233508a20da24","round4-smoke-1776780168176","2026-05-21T14:02:48.377Z",null]
query: COMMIT
query: SELECT "RefreshTokenEntity"."id" AS "RefreshTokenEntity_id", "RefreshTokenEntity"."user_id" AS "RefreshTokenEntity_user_id", "RefreshTokenEntity"."token_hash" AS "RefreshTokenEntity_token_hash", "RefreshTokenEntity"."device_id" AS "RefreshTokenEntity_device_id", "RefreshTokenEntity"."expired_at" AS "RefreshTokenEntity_expired_at", "RefreshTokenEntity"."revoked_at" AS "RefreshTokenEntity_revoked_at", "RefreshTokenEntity"."created_at" AS "RefreshTokenEntity_created_at" FROM "refresh_tokens" "RefreshTokenEntity" WHERE (("RefreshTokenEntity"."user_id" = $1) AND ("RefreshTokenEntity"."token_hash" = $2) AND ("RefreshTokenEntity"."revoked_at" IS NULL)) LIMIT 1 -- PARAMETERS: ["3d623b73-3c99-43d8-a03b-a389464aa7d6","758033296eddc43fabd9a9738b9740772aea7179c7a71a9f75e233508a20da24"]
query: SELECT "RefreshTokenEntity"."id" AS "RefreshTokenEntity_id", "RefreshTokenEntity"."user_id" AS "RefreshTokenEntity_user_id", "RefreshTokenEntity"."token_hash" AS "RefreshTokenEntity_token_hash", "RefreshTokenEntity"."device_id" AS "RefreshTokenEntity_device_id", "RefreshTokenEntity"."expired_at" AS "RefreshTokenEntity_expired_at", "RefreshTokenEntity"."revoked_at" AS "RefreshTokenEntity_revoked_at", "RefreshTokenEntity"."created_at" AS "RefreshTokenEntity_created_at" FROM "refresh_tokens" "RefreshTokenEntity" WHERE "RefreshTokenEntity"."id" IN ($1) -- PARAMETERS: ["b09489d6-4cd5-4e6c-9950-c3163bfa342e"]
query: START TRANSACTION
query: UPDATE "refresh_tokens" SET "revoked_at" = $1 WHERE "id" IN ($2) -- PARAMETERS: ["2026-04-21T14:02:48.383Z","b09489d6-4cd5-4e6c-9950-c3163bfa342e"]
query: COMMIT
query: START TRANSACTION
query: INSERT INTO "auth_codes"("id", "phone", "code_hash", "expired_at", "used_at", "send_ip", "created_at") VALUES (DEFAULT, $1, $2, $3, $4, $5, DEFAULT) RETURNING "id", "created_at" -- PARAMETERS: ["13900001061","$2a$10$1s6TWXdF2amMDGlOcXHu6.Av22A9MTx6eOtF2JwAmirqZNEfLYNwe","2026-04-21T14:30:41.469Z",null,"::ffff:127.0.0.1"]
query: COMMIT
[33m[Nest] 6104  - [39m2026/04/21 22:25:41 [33m   WARN[39m [38;5;3m[NoopSmsProvider] [39m[33mnoop SMS provider used for 13900001061, code=123456[39m
query: SELECT "AuthCodeEntity"."id" AS "AuthCodeEntity_id", "AuthCodeEntity"."phone" AS "AuthCodeEntity_phone", "AuthCodeEntity"."code_hash" AS "AuthCodeEntity_code_hash", "AuthCodeEntity"."expired_at" AS "AuthCodeEntity_expired_at", "AuthCodeEntity"."used_at" AS "AuthCodeEntity_used_at", "AuthCodeEntity"."send_ip" AS "AuthCodeEntity_send_ip", "AuthCodeEntity"."created_at" AS "AuthCodeEntity_created_at" FROM "auth_codes" "AuthCodeEntity" WHERE (("AuthCodeEntity"."phone" = $1) AND ("AuthCodeEntity"."used_at" IS NULL)) ORDER BY "AuthCodeEntity"."created_at" DESC LIMIT 1 -- PARAMETERS: ["13900001061"]
query: SELECT "AuthCodeEntity"."id" AS "AuthCodeEntity_id", "AuthCodeEntity"."phone" AS "AuthCodeEntity_phone", "AuthCodeEntity"."code_hash" AS "AuthCodeEntity_code_hash", "AuthCodeEntity"."expired_at" AS "AuthCodeEntity_expired_at", "AuthCodeEntity"."used_at" AS "AuthCodeEntity_used_at", "AuthCodeEntity"."send_ip" AS "AuthCodeEntity_send_ip", "AuthCodeEntity"."created_at" AS "AuthCodeEntity_created_at" FROM "auth_codes" "AuthCodeEntity" WHERE "AuthCodeEntity"."id" IN ($1) -- PARAMETERS: ["a298d6d6-d2aa-45d6-93d4-718a7abe0c4a"]
query: START TRANSACTION
query: UPDATE "auth_codes" SET "used_at" = $1 WHERE "id" IN ($2) -- PARAMETERS: ["2026-04-21T14:25:41.594Z","a298d6d6-d2aa-45d6-93d4-718a7abe0c4a"]
query: COMMIT
query: SELECT "UserEntity"."id" AS "UserEntity_id", "UserEntity"."phone" AS "UserEntity_phone", "UserEntity"."status" AS "UserEntity_status", "UserEntity"."created_at" AS "UserEntity_created_at", "UserEntity"."last_login_at" AS "UserEntity_last_login_at" FROM "users" "UserEntity" WHERE (("UserEntity"."phone" = $1)) LIMIT 1 -- PARAMETERS: ["13900001061"]
query: START TRANSACTION
query: INSERT INTO "users"("id", "phone", "status", "created_at", "last_login_at") VALUES (DEFAULT, $1, $2, DEFAULT, $3) RETURNING "id", "status", "created_at" -- PARAMETERS: ["13900001061","active","2026-04-21T14:25:41.603Z"]
query: COMMIT
query: UPDATE "users" SET "last_login_at" = $1 WHERE "id" IN ($2) -- PARAMETERS: ["2026-04-21T14:25:41.607Z","b10c0bc0-70ba-4349-af74-a1b3a3f356d6"]
query: START TRANSACTION
query: INSERT INTO "refresh_tokens"("id", "user_id", "token_hash", "device_id", "expired_at", "revoked_at", "created_at") VALUES (DEFAULT, $1, $2, $3, $4, $5, DEFAULT) RETURNING "id", "created_at" -- PARAMETERS: ["b10c0bc0-70ba-4349-af74-a1b3a3f356d6","11dc04077e1a5660453cea18987585296deba901294e05ba95646bbc8fddf71e","round4-smoke-1776781541348","2026-05-21T14:25:41.609Z",null]
query: COMMIT
query: SELECT "UserEntity"."id" AS "UserEntity_id", "UserEntity"."phone" AS "UserEntity_phone", "UserEntity"."status" AS "UserEntity_status", "UserEntity"."created_at" AS "UserEntity_created_at", "UserEntity"."last_login_at" AS "UserEntity_last_login_at" FROM "users" "UserEntity" WHERE (("UserEntity"."id" = $1)) LIMIT 1 -- PARAMETERS: ["b10c0bc0-70ba-4349-af74-a1b3a3f356d6"]
query: SELECT "DialPrefixConfigEntity"."id" AS "DialPrefixConfigEntity_id", "DialPrefixConfigEntity"."country_code" AS "DialPrefixConfigEntity_country_code", "DialPrefixConfigEntity"."carrier_name" AS "DialPrefixConfigEntity_carrier_name", "DialPrefixConfigEntity"."prefix" AS "DialPrefixConfigEntity_prefix", "DialPrefixConfigEntity"."status" AS "DialPrefixConfigEntity_status", "DialPrefixConfigEntity"."priority" AS "DialPrefixConfigEntity_priority", "DialPrefixConfigEntity"."remark" AS "DialPrefixConfigEntity_remark", "DialPrefixConfigEntity"."created_at" AS "DialPrefixConfigEntity_created_at", "DialPrefixConfigEntity"."updated_at" AS "DialPrefixConfigEntity_updated_at" FROM "dial_prefix_configs" "DialPrefixConfigEntity" WHERE (("DialPrefixConfigEntity"."country_code" = $1) AND ("DialPrefixConfigEntity"."status" = $2)) ORDER BY "DialPrefixConfigEntity"."priority" DESC, "DialPrefixConfigEntity"."carrier_name" ASC -- PARAMETERS: ["CN","active"]
query: SELECT "notice"."id" AS "notice_id", "notice"."title" AS "notice_title", "notice"."content" AS "notice_content", "notice"."type" AS "notice_type", "notice"."status" AS "notice_status", "notice"."start_at" AS "notice_start_at", "notice"."end_at" AS "notice_end_at", "notice"."created_at" AS "notice_created_at" FROM "notices" "notice" WHERE "notice"."status" = $1 AND ("notice"."start_at" IS NULL OR "notice"."start_at" <= $2) AND ("notice"."end_at" IS NULL OR "notice"."end_at" >= $2) ORDER BY "notice"."created_at" DESC -- PARAMETERS: ["active","2026-04-21T14:25:41.628Z"]
query: SELECT "RefreshTokenEntity"."id" AS "RefreshTokenEntity_id", "RefreshTokenEntity"."user_id" AS "RefreshTokenEntity_user_id", "RefreshTokenEntity"."token_hash" AS "RefreshTokenEntity_token_hash", "RefreshTokenEntity"."device_id" AS "RefreshTokenEntity_device_id", "RefreshTokenEntity"."expired_at" AS "RefreshTokenEntity_expired_at", "RefreshTokenEntity"."revoked_at" AS "RefreshTokenEntity_revoked_at", "RefreshTokenEntity"."created_at" AS "RefreshTokenEntity_created_at" FROM "refresh_tokens" "RefreshTokenEntity" WHERE (("RefreshTokenEntity"."token_hash" = $1) AND ("RefreshTokenEntity"."revoked_at" IS NULL)) ORDER BY "RefreshTokenEntity"."created_at" DESC LIMIT 1 -- PARAMETERS: ["11dc04077e1a5660453cea18987585296deba901294e05ba95646bbc8fddf71e"]
query: SELECT "RefreshTokenEntity"."id" AS "RefreshTokenEntity_id", "RefreshTokenEntity"."user_id" AS "RefreshTokenEntity_user_id", "RefreshTokenEntity"."token_hash" AS "RefreshTokenEntity_token_hash", "RefreshTokenEntity"."device_id" AS "RefreshTokenEntity_device_id", "RefreshTokenEntity"."expired_at" AS "RefreshTokenEntity_expired_at", "RefreshTokenEntity"."revoked_at" AS "RefreshTokenEntity_revoked_at", "RefreshTokenEntity"."created_at" AS "RefreshTokenEntity_created_at" FROM "refresh_tokens" "RefreshTokenEntity" WHERE "RefreshTokenEntity"."id" IN ($1) -- PARAMETERS: ["1f4a9baf-8031-46df-a6f1-fb2a08247e6c"]
query: START TRANSACTION
query: UPDATE "refresh_tokens" SET "revoked_at" = $1 WHERE "id" IN ($2) -- PARAMETERS: ["2026-04-21T14:25:41.636Z","1f4a9baf-8031-46df-a6f1-fb2a08247e6c"]
query: COMMIT
query: START TRANSACTION
query: INSERT INTO "refresh_tokens"("id", "user_id", "token_hash", "device_id", "expired_at", "revoked_at", "created_at") VALUES (DEFAULT, $1, $2, $3, $4, $5, DEFAULT) RETURNING "id", "created_at" -- PARAMETERS: ["b10c0bc0-70ba-4349-af74-a1b3a3f356d6","ee9cc4028cec962dd8c70baedfeea912251c784515e2691b829c70dee125bc12","round4-smoke-1776781541348","2026-05-21T14:25:41.639Z",null]
query: COMMIT
query: SELECT "RefreshTokenEntity"."id" AS "RefreshTokenEntity_id", "RefreshTokenEntity"."user_id" AS "RefreshTokenEntity_user_id", "RefreshTokenEntity"."token_hash" AS "RefreshTokenEntity_token_hash", "RefreshTokenEntity"."device_id" AS "RefreshTokenEntity_device_id", "RefreshTokenEntity"."expired_at" AS "RefreshTokenEntity_expired_at", "RefreshTokenEntity"."revoked_at" AS "RefreshTokenEntity_revoked_at", "RefreshTokenEntity"."created_at" AS "RefreshTokenEntity_created_at" FROM "refresh_tokens" "RefreshTokenEntity" WHERE (("RefreshTokenEntity"."user_id" = $1) AND ("RefreshTokenEntity"."token_hash" = $2) AND ("RefreshTokenEntity"."revoked_at" IS NULL)) LIMIT 1 -- PARAMETERS: ["b10c0bc0-70ba-4349-af74-a1b3a3f356d6","ee9cc4028cec962dd8c70baedfeea912251c784515e2691b829c70dee125bc12"]
query: SELECT "RefreshTokenEntity"."id" AS "RefreshTokenEntity_id", "RefreshTokenEntity"."user_id" AS "RefreshTokenEntity_user_id", "RefreshTokenEntity"."token_hash" AS "RefreshTokenEntity_token_hash", "RefreshTokenEntity"."device_id" AS "RefreshTokenEntity_device_id", "RefreshTokenEntity"."expired_at" AS "RefreshTokenEntity_expired_at", "RefreshTokenEntity"."revoked_at" AS "RefreshTokenEntity_revoked_at", "RefreshTokenEntity"."created_at" AS "RefreshTokenEntity_created_at" FROM "refresh_tokens" "RefreshTokenEntity" WHERE "RefreshTokenEntity"."id" IN ($1) -- PARAMETERS: ["fa0a078b-8561-4c15-9fdc-cb6c08e75629"]
query: START TRANSACTION
query: UPDATE "refresh_tokens" SET "revoked_at" = $1 WHERE "id" IN ($2) -- PARAMETERS: ["2026-04-21T14:25:41.645Z","fa0a078b-8561-4c15-9fdc-cb6c08e75629"]
query: COMMIT
