[32m[Nest] 36092  - [39m2026/04/22 16:45:39 [32m    LOG[39m [38;5;3m[NestFactory] [39m[32mStarting Nest application...[39m
[32m[Nest] 36092  - [39m2026/04/22 16:45:39 [32m    LOG[39m [38;5;3m[InstanceLoader] [39m[32mTypeOrmModule dependencies initialized[39m[38;5;3m +13ms[39m
[32m[Nest] 36092  - [39m2026/04/22 16:45:39 [32m    LOG[39m [38;5;3m[InstanceLoader] [39m[32mPassportModule dependencies initialized[39m[38;5;3m +2ms[39m
[32m[Nest] 36092  - [39m2026/04/22 16:45:39 [32m    LOG[39m [38;5;3m[InstanceLoader] [39m[32mConfigHostModule dependencies initialized[39m[38;5;3m +2ms[39m
[32m[Nest] 36092  - [39m2026/04/22 16:45:39 [32m    LOG[39m [38;5;3m[InstanceLoader] [39m[32mAppModule dependencies initialized[39m[38;5;3m +3ms[39m
[32m[Nest] 36092  - [39m2026/04/22 16:45:39 [32m    LOG[39m [38;5;3m[InstanceLoader] [39m[32mConfigModule dependencies initialized[39m[38;5;3m +0ms[39m
[32m[Nest] 36092  - [39m2026/04/22 16:45:39 [32m    LOG[39m [38;5;3m[InstanceLoader] [39m[32mConfigModule dependencies initialized[39m[38;5;3m +1ms[39m
[32m[Nest] 36092  - [39m2026/04/22 16:45:39 [32m    LOG[39m [38;5;3m[InstanceLoader] [39m[32mJwtModule dependencies initialized[39m[38;5;3m +46ms[39m
[32m[Nest] 36092  - [39m2026/04/22 16:45:39 [32m    LOG[39m [38;5;3m[RateLimitModule] [39m[32mRate limit driver initialized with Redis and recoverable memory fallback[39m
[32m[Nest] 36092  - [39m2026/04/22 16:45:39 [32m    LOG[39m [38;5;3m[InstanceLoader] [39m[32mRateLimitModule dependencies initialized[39m[38;5;3m +0ms[39m
query: SELECT version()
query: SELECT * FROM current_schema()
query: CREATE EXTENSION IF NOT EXISTS "uuid-ossp"
[32m[Nest] 36092  - [39m2026/04/22 16:45:39 [32m    LOG[39m [38;5;3m[InstanceLoader] [39m[32mTypeOrmCoreModule dependencies initialized[39m[38;5;3m +73ms[39m
[32m[Nest] 36092  - [39m2026/04/22 16:45:39 [32m    LOG[39m [38;5;3m[InstanceLoader] [39m[32mTypeOrmModule dependencies initialized[39m[38;5;3m +0ms[39m
[32m[Nest] 36092  - [39m2026/04/22 16:45:39 [32m    LOG[39m [38;5;3m[InstanceLoader] [39m[32mTypeOrmModule dependencies initialized[39m[38;5;3m +0ms[39m
[32m[Nest] 36092  - [39m2026/04/22 16:45:39 [32m    LOG[39m [38;5;3m[InstanceLoader] [39m[32mTypeOrmModule dependencies initialized[39m[38;5;3m +0ms[39m
[32m[Nest] 36092  - [39m2026/04/22 16:45:39 [32m    LOG[39m [38;5;3m[InstanceLoader] [39m[32mAccountModule dependencies initialized[39m[38;5;3m +1ms[39m
[32m[Nest] 36092  - [39m2026/04/22 16:45:39 [32m    LOG[39m [38;5;3m[InstanceLoader] [39m[32mConfigAppModule dependencies initialized[39m[38;5;3m +0ms[39m
[32m[Nest] 36092  - [39m2026/04/22 16:45:39 [32m    LOG[39m [38;5;3m[InstanceLoader] [39m[32mAdminModule dependencies initialized[39m[38;5;3m +0ms[39m
[32m[Nest] 36092  - [39m2026/04/22 16:45:39 [32m    LOG[39m [38;5;3m[InstanceLoader] [39m[32mAuthModule dependencies initialized[39m[38;5;3m +0ms[39m
[32m[Nest] 36092  - [39m2026/04/22 16:45:39 [32m    LOG[39m [38;5;3m[RoutesResolver] [39m[32mAuthController {/api/v1/auth}:[39m[38;5;3m +15ms[39m
[32m[Nest] 36092  - [39m2026/04/22 16:45:39 [32m    LOG[39m [38;5;3m[RouterExplorer] [39m[32mMapped {/api/v1/auth/login, POST} route[39m[38;5;3m +1ms[39m
[32m[Nest] 36092  - [39m2026/04/22 16:45:39 [32m    LOG[39m [38;5;3m[RouterExplorer] [39m[32mMapped {/api/v1/auth/refresh, POST} route[39m[38;5;3m +1ms[39m
[32m[Nest] 36092  - [39m2026/04/22 16:45:39 [32m    LOG[39m [38;5;3m[RouterExplorer] [39m[32mMapped {/api/v1/auth/logout, POST} route[39m[38;5;3m +0ms[39m
[32m[Nest] 36092  - [39m2026/04/22 16:45:39 [32m    LOG[39m [38;5;3m[RouterExplorer] [39m[32mMapped {/api/v1/auth/me, GET} route[39m[38;5;3m +0ms[39m
[32m[Nest] 36092  - [39m2026/04/22 16:45:39 [32m    LOG[39m [38;5;3m[RoutesResolver] [39m[32mAdminAuthController {/api/v1/admin/auth}:[39m[38;5;3m +0ms[39m
[32m[Nest] 36092  - [39m2026/04/22 16:45:39 [32m    LOG[39m [38;5;3m[RouterExplorer] [39m[32mMapped {/api/v1/admin/auth/login, POST} route[39m[38;5;3m +0ms[39m
[32m[Nest] 36092  - [39m2026/04/22 16:45:39 [32m    LOG[39m [38;5;3m[RouterExplorer] [39m[32mMapped {/api/v1/admin/auth/refresh, POST} route[39m[38;5;3m +1ms[39m
[32m[Nest] 36092  - [39m2026/04/22 16:45:39 [32m    LOG[39m [38;5;3m[RouterExplorer] [39m[32mMapped {/api/v1/admin/auth/logout, POST} route[39m[38;5;3m +0ms[39m
[32m[Nest] 36092  - [39m2026/04/22 16:45:39 [32m    LOG[39m [38;5;3m[RouterExplorer] [39m[32mMapped {/api/v1/admin/auth/me, GET} route[39m[38;5;3m +0ms[39m
[32m[Nest] 36092  - [39m2026/04/22 16:45:39 [32m    LOG[39m [38;5;3m[RoutesResolver] [39m[32mAdminAccountsController {/api/v1/admin/accounts}:[39m[38;5;3m +0ms[39m
[32m[Nest] 36092  - [39m2026/04/22 16:45:39 [32m    LOG[39m [38;5;3m[RouterExplorer] [39m[32mMapped {/api/v1/admin/accounts, GET} route[39m[38;5;3m +0ms[39m
[32m[Nest] 36092  - [39m2026/04/22 16:45:39 [32m    LOG[39m [38;5;3m[RouterExplorer] [39m[32mMapped {/api/v1/admin/accounts, POST} route[39m[38;5;3m +1ms[39m
[32m[Nest] 36092  - [39m2026/04/22 16:45:39 [32m    LOG[39m [38;5;3m[RouterExplorer] [39m[32mMapped {/api/v1/admin/accounts/:accountId, PATCH} route[39m[38;5;3m +0ms[39m
[32m[Nest] 36092  - [39m2026/04/22 16:45:39 [32m    LOG[39m [38;5;3m[RoutesResolver] [39m[32mAdminConfigController {/api/v1/admin/config}:[39m[38;5;3m +0ms[39m
[32m[Nest] 36092  - [39m2026/04/22 16:45:39 [32m    LOG[39m [38;5;3m[RouterExplorer] [39m[32mMapped {/api/v1/admin/config/dial-prefixes, GET} route[39m[38;5;3m +0ms[39m
[32m[Nest] 36092  - [39m2026/04/22 16:45:39 [32m    LOG[39m [38;5;3m[RouterExplorer] [39m[32mMapped {/api/v1/admin/config/dial-prefixes, POST} route[39m[38;5;3m +0ms[39m
[32m[Nest] 36092  - [39m2026/04/22 16:45:39 [32m    LOG[39m [38;5;3m[RouterExplorer] [39m[32mMapped {/api/v1/admin/config/dial-prefixes/:id, PATCH} route[39m[38;5;3m +1ms[39m
[32m[Nest] 36092  - [39m2026/04/22 16:45:39 [32m    LOG[39m [38;5;3m[RouterExplorer] [39m[32mMapped {/api/v1/admin/config/notices, GET} route[39m[38;5;3m +0ms[39m
[32m[Nest] 36092  - [39m2026/04/22 16:45:39 [32m    LOG[39m [38;5;3m[RouterExplorer] [39m[32mMapped {/api/v1/admin/config/notices, POST} route[39m[38;5;3m +0ms[39m
[32m[Nest] 36092  - [39m2026/04/22 16:45:39 [32m    LOG[39m [38;5;3m[RouterExplorer] [39m[32mMapped {/api/v1/admin/config/notices/:id, PATCH} route[39m[38;5;3m +0ms[39m
[32m[Nest] 36092  - [39m2026/04/22 16:45:39 [32m    LOG[39m [38;5;3m[RoutesResolver] [39m[32mConfigController {/api/v1/config}:[39m[38;5;3m +0ms[39m
[32m[Nest] 36092  - [39m2026/04/22 16:45:39 [32m    LOG[39m [38;5;3m[RouterExplorer] [39m[32mMapped {/api/v1/config/dial-prefixes, GET} route[39m[38;5;3m +0ms[39m
[32m[Nest] 36092  - [39m2026/04/22 16:45:39 [32m    LOG[39m [38;5;3m[RouterExplorer] [39m[32mMapped {/api/v1/config/notices, GET} route[39m[38;5;3m +1ms[39m
[32m[Nest] 36092  - [39m2026/04/22 16:45:39 [32m    LOG[39m [38;5;3m[NestApplication] [39m[32mNest application successfully started[39m[38;5;3m +2ms[39m
query: SELECT "AccountEntity"."id" AS "AccountEntity_id", "AccountEntity"."username" AS "AccountEntity_username", "AccountEntity"."display_name" AS "AccountEntity_display_name", "AccountEntity"."password_hash" AS "AccountEntity_password_hash", "AccountEntity"."role" AS "AccountEntity_role", "AccountEntity"."status" AS "AccountEntity_status", "AccountEntity"."created_at" AS "AccountEntity_created_at", "AccountEntity"."last_login_at" AS "AccountEntity_last_login_at" FROM "accounts" "AccountEntity" WHERE (("AccountEntity"."username" = $1) AND ("AccountEntity"."role" = $2)) LIMIT 1 -- PARAMETERS: ["demo_user","app_user"]
query: SELECT "AccountEntity"."id" AS "AccountEntity_id", "AccountEntity"."username" AS "AccountEntity_username", "AccountEntity"."display_name" AS "AccountEntity_display_name", "AccountEntity"."password_hash" AS "AccountEntity_password_hash", "AccountEntity"."role" AS "AccountEntity_role", "AccountEntity"."status" AS "AccountEntity_status", "AccountEntity"."created_at" AS "AccountEntity_created_at", "AccountEntity"."last_login_at" AS "AccountEntity_last_login_at" FROM "accounts" "AccountEntity" WHERE (("AccountEntity"."username" = $1) AND ("AccountEntity"."role" = $2)) LIMIT 1 -- PARAMETERS: ["admin","admin"]
query: UPDATE "accounts" SET "last_login_at" = $1 WHERE "id" IN ($2) -- PARAMETERS: ["2026-04-22T08:46:22.601Z","47bca6b3-d941-4d4d-9585-dba66a17f7cc"]
query: UPDATE "accounts" SET "last_login_at" = $1 WHERE "id" IN ($2) -- PARAMETERS: ["2026-04-22T08:46:22.603Z","17ef43a7-8763-450a-9577-364e5efa8957"]
query: START TRANSACTION
query: START TRANSACTION
query: INSERT INTO "account_refresh_tokens"("id", "account_id", "role", "token_hash", "device_id", "expired_at", "revoked_at", "created_at") VALUES (DEFAULT, $1, $2, $3, $4, $5, $6, DEFAULT) RETURNING "id", "created_at" -- PARAMETERS: ["47bca6b3-d941-4d4d-9585-dba66a17f7cc","admin","df44be6742ea03623e9bb604e5314a351f394367dad3b68f199816718fe95023","manual-test-client","2026-05-22T08:46:22.613Z",null]
query: INSERT INTO "account_refresh_tokens"("id", "account_id", "role", "token_hash", "device_id", "expired_at", "revoked_at", "created_at") VALUES (DEFAULT, $1, $2, $3, $4, $5, $6, DEFAULT) RETURNING "id", "created_at" -- PARAMETERS: ["17ef43a7-8763-450a-9577-364e5efa8957","app_user","339ebc0307a391cf341bc7322ce3bd8770513a47330cf88e0c1af836c3a50697","manual-test-client","2026-05-22T08:46:22.613Z",null]
query: COMMIT
query: COMMIT
query: SELECT "AccountEntity"."id" AS "AccountEntity_id", "AccountEntity"."username" AS "AccountEntity_username", "AccountEntity"."display_name" AS "AccountEntity_display_name", "AccountEntity"."password_hash" AS "AccountEntity_password_hash", "AccountEntity"."role" AS "AccountEntity_role", "AccountEntity"."status" AS "AccountEntity_status", "AccountEntity"."created_at" AS "AccountEntity_created_at", "AccountEntity"."last_login_at" AS "AccountEntity_last_login_at" FROM "accounts" "AccountEntity" WHERE (("AccountEntity"."username" = $1) AND ("AccountEntity"."role" = $2)) LIMIT 1 -- PARAMETERS: ["admin","app_user"]
query: SELECT "AccountEntity"."id" AS "AccountEntity_id", "AccountEntity"."username" AS "AccountEntity_username", "AccountEntity"."display_name" AS "AccountEntity_display_name", "AccountEntity"."password_hash" AS "AccountEntity_password_hash", "AccountEntity"."role" AS "AccountEntity_role", "AccountEntity"."status" AS "AccountEntity_status", "AccountEntity"."created_at" AS "AccountEntity_created_at", "AccountEntity"."last_login_at" AS "AccountEntity_last_login_at" FROM "accounts" "AccountEntity" WHERE (("AccountEntity"."username" = $1) AND ("AccountEntity"."role" = $2)) LIMIT 1 -- PARAMETERS: ["demo_user","app_user"]
query: UPDATE "accounts" SET "last_login_at" = $1 WHERE "id" IN ($2) -- PARAMETERS: ["2026-04-22T09:05:56.354Z","17ef43a7-8763-450a-9577-364e5efa8957"]
query: START TRANSACTION
query: INSERT INTO "account_refresh_tokens"("id", "account_id", "role", "token_hash", "device_id", "expired_at", "revoked_at", "created_at") VALUES (DEFAULT, $1, $2, $3, $4, $5, $6, DEFAULT) RETURNING "id", "created_at" -- PARAMETERS: ["17ef43a7-8763-450a-9577-364e5efa8957","app_user","af93fedb2c34a1557ea0187edc9fb19ae956665bf34aa8427edcde2dd9ba82c3","mock-device-client-001","2026-05-22T09:05:56.364Z",null]
query: COMMIT
query: SELECT "AccountEntity"."id" AS "AccountEntity_id", "AccountEntity"."username" AS "AccountEntity_username", "AccountEntity"."display_name" AS "AccountEntity_display_name", "AccountEntity"."password_hash" AS "AccountEntity_password_hash", "AccountEntity"."role" AS "AccountEntity_role", "AccountEntity"."status" AS "AccountEntity_status", "AccountEntity"."created_at" AS "AccountEntity_created_at", "AccountEntity"."last_login_at" AS "AccountEntity_last_login_at" FROM "accounts" "AccountEntity" WHERE (("AccountEntity"."id" = $1)) LIMIT 1 -- PARAMETERS: ["17ef43a7-8763-450a-9577-364e5efa8957"]
query: SELECT "DialPrefixConfigEntity"."id" AS "DialPrefixConfigEntity_id", "DialPrefixConfigEntity"."country_code" AS "DialPrefixConfigEntity_country_code", "DialPrefixConfigEntity"."carrier_name" AS "DialPrefixConfigEntity_carrier_name", "DialPrefixConfigEntity"."prefix" AS "DialPrefixConfigEntity_prefix", "DialPrefixConfigEntity"."status" AS "DialPrefixConfigEntity_status", "DialPrefixConfigEntity"."priority" AS "DialPrefixConfigEntity_priority", "DialPrefixConfigEntity"."remark" AS "DialPrefixConfigEntity_remark", "DialPrefixConfigEntity"."created_at" AS "DialPrefixConfigEntity_created_at", "DialPrefixConfigEntity"."updated_at" AS "DialPrefixConfigEntity_updated_at" FROM "dial_prefix_configs" "DialPrefixConfigEntity" WHERE (("DialPrefixConfigEntity"."country_code" = $1) AND ("DialPrefixConfigEntity"."status" = $2)) ORDER BY "DialPrefixConfigEntity"."priority" DESC, "DialPrefixConfigEntity"."carrier_name" ASC -- PARAMETERS: ["CN","active"]
query: SELECT "notice"."id" AS "notice_id", "notice"."title" AS "notice_title", "notice"."content" AS "notice_content", "notice"."type" AS "notice_type", "notice"."status" AS "notice_status", "notice"."start_at" AS "notice_start_at", "notice"."end_at" AS "notice_end_at", "notice"."created_at" AS "notice_created_at" FROM "notices" "notice" WHERE "notice"."status" = $1 AND ("notice"."start_at" IS NULL OR "notice"."start_at" <= $2) AND ("notice"."end_at" IS NULL OR "notice"."end_at" >= $2) ORDER BY "notice"."created_at" DESC -- PARAMETERS: ["active","2026-04-22T09:05:56.456Z"]
query: SELECT "AccountRefreshTokenEntity"."id" AS "AccountRefreshTokenEntity_id", "AccountRefreshTokenEntity"."account_id" AS "AccountRefreshTokenEntity_account_id", "AccountRefreshTokenEntity"."role" AS "AccountRefreshTokenEntity_role", "AccountRefreshTokenEntity"."token_hash" AS "AccountRefreshTokenEntity_token_hash", "AccountRefreshTokenEntity"."device_id" AS "AccountRefreshTokenEntity_device_id", "AccountRefreshTokenEntity"."expired_at" AS "AccountRefreshTokenEntity_expired_at", "AccountRefreshTokenEntity"."revoked_at" AS "AccountRefreshTokenEntity_revoked_at", "AccountRefreshTokenEntity"."created_at" AS "AccountRefreshTokenEntity_created_at" FROM "account_refresh_tokens" "AccountRefreshTokenEntity" WHERE (("AccountRefreshTokenEntity"."account_id" = $1) AND ("AccountRefreshTokenEntity"."token_hash" = $2) AND ("AccountRefreshTokenEntity"."role" = $3) AND ("AccountRefreshTokenEntity"."revoked_at" IS NULL)) LIMIT 1 -- PARAMETERS: ["17ef43a7-8763-450a-9577-364e5efa8957","af93fedb2c34a1557ea0187edc9fb19ae956665bf34aa8427edcde2dd9ba82c3","app_user"]
query: SELECT "AccountRefreshTokenEntity"."id" AS "AccountRefreshTokenEntity_id", "AccountRefreshTokenEntity"."account_id" AS "AccountRefreshTokenEntity_account_id", "AccountRefreshTokenEntity"."role" AS "AccountRefreshTokenEntity_role", "AccountRefreshTokenEntity"."token_hash" AS "AccountRefreshTokenEntity_token_hash", "AccountRefreshTokenEntity"."device_id" AS "AccountRefreshTokenEntity_device_id", "AccountRefreshTokenEntity"."expired_at" AS "AccountRefreshTokenEntity_expired_at", "AccountRefreshTokenEntity"."revoked_at" AS "AccountRefreshTokenEntity_revoked_at", "AccountRefreshTokenEntity"."created_at" AS "AccountRefreshTokenEntity_created_at" FROM "account_refresh_tokens" "AccountRefreshTokenEntity" WHERE "AccountRefreshTokenEntity"."id" IN ($1) -- PARAMETERS: ["11bf6e0f-0a54-49dc-a3d1-058063ae0d22"]
query: START TRANSACTION
query: UPDATE "account_refresh_tokens" SET "revoked_at" = $1 WHERE "id" IN ($2) -- PARAMETERS: ["2026-04-22T09:06:53.161Z","11bf6e0f-0a54-49dc-a3d1-058063ae0d22"]
query: COMMIT
query: SELECT "AccountEntity"."id" AS "AccountEntity_id", "AccountEntity"."username" AS "AccountEntity_username", "AccountEntity"."display_name" AS "AccountEntity_display_name", "AccountEntity"."password_hash" AS "AccountEntity_password_hash", "AccountEntity"."role" AS "AccountEntity_role", "AccountEntity"."status" AS "AccountEntity_status", "AccountEntity"."created_at" AS "AccountEntity_created_at", "AccountEntity"."last_login_at" AS "AccountEntity_last_login_at" FROM "accounts" "AccountEntity" WHERE (("AccountEntity"."username" = $1) AND ("AccountEntity"."role" = $2)) LIMIT 1 -- PARAMETERS: ["admin","admin"]
query: UPDATE "accounts" SET "last_login_at" = $1 WHERE "id" IN ($2) -- PARAMETERS: ["2026-04-22T09:07:32.407Z","47bca6b3-d941-4d4d-9585-dba66a17f7cc"]
query: START TRANSACTION
query: INSERT INTO "account_refresh_tokens"("id", "account_id", "role", "token_hash", "device_id", "expired_at", "revoked_at", "created_at") VALUES (DEFAULT, $1, $2, $3, $4, $5, $6, DEFAULT) RETURNING "id", "created_at" -- PARAMETERS: ["47bca6b3-d941-4d4d-9585-dba66a17f7cc","admin","55e8a74b330601ee21a9bb862ed3031397c1d537fb02baa8b48430ca3036a75a","mock-device-admin-001","2026-05-22T09:07:32.410Z",null]
query: COMMIT
query: SELECT "AccountEntity"."id" AS "AccountEntity_id", "AccountEntity"."username" AS "AccountEntity_username", "AccountEntity"."display_name" AS "AccountEntity_display_name", "AccountEntity"."password_hash" AS "AccountEntity_password_hash", "AccountEntity"."role" AS "AccountEntity_role", "AccountEntity"."status" AS "AccountEntity_status", "AccountEntity"."created_at" AS "AccountEntity_created_at", "AccountEntity"."last_login_at" AS "AccountEntity_last_login_at" FROM "accounts" "AccountEntity" WHERE (("AccountEntity"."id" = $1)) LIMIT 1 -- PARAMETERS: ["47bca6b3-d941-4d4d-9585-dba66a17f7cc"]
query: SELECT "AccountEntity"."id" AS "AccountEntity_id", "AccountEntity"."username" AS "AccountEntity_username", "AccountEntity"."display_name" AS "AccountEntity_display_name", "AccountEntity"."password_hash" AS "AccountEntity_password_hash", "AccountEntity"."role" AS "AccountEntity_role", "AccountEntity"."status" AS "AccountEntity_status", "AccountEntity"."created_at" AS "AccountEntity_created_at", "AccountEntity"."last_login_at" AS "AccountEntity_last_login_at" FROM "accounts" "AccountEntity" WHERE (("AccountEntity"."role" = $1)) ORDER BY "AccountEntity"."created_at" ASC, "AccountEntity"."username" ASC -- PARAMETERS: ["app_user"]
query: SELECT "DialPrefixConfigEntity"."id" AS "DialPrefixConfigEntity_id", "DialPrefixConfigEntity"."country_code" AS "DialPrefixConfigEntity_country_code", "DialPrefixConfigEntity"."carrier_name" AS "DialPrefixConfigEntity_carrier_name", "DialPrefixConfigEntity"."prefix" AS "DialPrefixConfigEntity_prefix", "DialPrefixConfigEntity"."status" AS "DialPrefixConfigEntity_status", "DialPrefixConfigEntity"."priority" AS "DialPrefixConfigEntity_priority", "DialPrefixConfigEntity"."remark" AS "DialPrefixConfigEntity_remark", "DialPrefixConfigEntity"."created_at" AS "DialPrefixConfigEntity_created_at", "DialPrefixConfigEntity"."updated_at" AS "DialPrefixConfigEntity_updated_at" FROM "dial_prefix_configs" "DialPrefixConfigEntity" ORDER BY "DialPrefixConfigEntity"."country_code" ASC, "DialPrefixConfigEntity"."priority" DESC, "DialPrefixConfigEntity"."carrier_name" ASC
query: SELECT "NoticeEntity"."id" AS "NoticeEntity_id", "NoticeEntity"."title" AS "NoticeEntity_title", "NoticeEntity"."content" AS "NoticeEntity_content", "NoticeEntity"."type" AS "NoticeEntity_type", "NoticeEntity"."status" AS "NoticeEntity_status", "NoticeEntity"."start_at" AS "NoticeEntity_start_at", "NoticeEntity"."end_at" AS "NoticeEntity_end_at", "NoticeEntity"."created_at" AS "NoticeEntity_created_at" FROM "notices" "NoticeEntity" ORDER BY "NoticeEntity"."created_at" DESC
query: SELECT "AccountEntity"."id" AS "AccountEntity_id", "AccountEntity"."username" AS "AccountEntity_username", "AccountEntity"."display_name" AS "AccountEntity_display_name", "AccountEntity"."password_hash" AS "AccountEntity_password_hash", "AccountEntity"."role" AS "AccountEntity_role", "AccountEntity"."status" AS "AccountEntity_status", "AccountEntity"."created_at" AS "AccountEntity_created_at", "AccountEntity"."last_login_at" AS "AccountEntity_last_login_at" FROM "accounts" "AccountEntity" WHERE (("AccountEntity"."id" = $1)) LIMIT 1 -- PARAMETERS: ["17ef43a7-8763-450a-9577-364e5efa8957"]
query: SELECT "AccountEntity"."id" AS "AccountEntity_id", "AccountEntity"."username" AS "AccountEntity_username", "AccountEntity"."display_name" AS "AccountEntity_display_name", "AccountEntity"."password_hash" AS "AccountEntity_password_hash", "AccountEntity"."role" AS "AccountEntity_role", "AccountEntity"."status" AS "AccountEntity_status", "AccountEntity"."created_at" AS "AccountEntity_created_at", "AccountEntity"."last_login_at" AS "AccountEntity_last_login_at" FROM "accounts" "AccountEntity" WHERE "AccountEntity"."id" IN ($1) -- PARAMETERS: ["17ef43a7-8763-450a-9577-364e5efa8957"]
query: START TRANSACTION
query: UPDATE "accounts" SET "display_name" = $1 WHERE "id" IN ($2) -- PARAMETERS: ["test","17ef43a7-8763-450a-9577-364e5efa8957"]
query: COMMIT
query: SELECT "AccountEntity"."id" AS "AccountEntity_id", "AccountEntity"."username" AS "AccountEntity_username", "AccountEntity"."display_name" AS "AccountEntity_display_name", "AccountEntity"."password_hash" AS "AccountEntity_password_hash", "AccountEntity"."role" AS "AccountEntity_role", "AccountEntity"."status" AS "AccountEntity_status", "AccountEntity"."created_at" AS "AccountEntity_created_at", "AccountEntity"."last_login_at" AS "AccountEntity_last_login_at" FROM "accounts" "AccountEntity" WHERE (("AccountEntity"."id" = $1)) LIMIT 1 -- PARAMETERS: ["47bca6b3-d941-4d4d-9585-dba66a17f7cc"]
query: SELECT "AccountEntity"."id" AS "AccountEntity_id", "AccountEntity"."username" AS "AccountEntity_username", "AccountEntity"."display_name" AS "AccountEntity_display_name", "AccountEntity"."password_hash" AS "AccountEntity_password_hash", "AccountEntity"."role" AS "AccountEntity_role", "AccountEntity"."status" AS "AccountEntity_status", "AccountEntity"."created_at" AS "AccountEntity_created_at", "AccountEntity"."last_login_at" AS "AccountEntity_last_login_at" FROM "accounts" "AccountEntity" WHERE (("AccountEntity"."role" = $1)) ORDER BY "AccountEntity"."created_at" ASC, "AccountEntity"."username" ASC -- PARAMETERS: ["app_user"]
query: SELECT "DialPrefixConfigEntity"."id" AS "DialPrefixConfigEntity_id", "DialPrefixConfigEntity"."country_code" AS "DialPrefixConfigEntity_country_code", "DialPrefixConfigEntity"."carrier_name" AS "DialPrefixConfigEntity_carrier_name", "DialPrefixConfigEntity"."prefix" AS "DialPrefixConfigEntity_prefix", "DialPrefixConfigEntity"."status" AS "DialPrefixConfigEntity_status", "DialPrefixConfigEntity"."priority" AS "DialPrefixConfigEntity_priority", "DialPrefixConfigEntity"."remark" AS "DialPrefixConfigEntity_remark", "DialPrefixConfigEntity"."created_at" AS "DialPrefixConfigEntity_created_at", "DialPrefixConfigEntity"."updated_at" AS "DialPrefixConfigEntity_updated_at" FROM "dial_prefix_configs" "DialPrefixConfigEntity" ORDER BY "DialPrefixConfigEntity"."country_code" ASC, "DialPrefixConfigEntity"."priority" DESC, "DialPrefixConfigEntity"."carrier_name" ASC
query: SELECT "NoticeEntity"."id" AS "NoticeEntity_id", "NoticeEntity"."title" AS "NoticeEntity_title", "NoticeEntity"."content" AS "NoticeEntity_content", "NoticeEntity"."type" AS "NoticeEntity_type", "NoticeEntity"."status" AS "NoticeEntity_status", "NoticeEntity"."start_at" AS "NoticeEntity_start_at", "NoticeEntity"."end_at" AS "NoticeEntity_end_at", "NoticeEntity"."created_at" AS "NoticeEntity_created_at" FROM "notices" "NoticeEntity" ORDER BY "NoticeEntity"."created_at" DESC
query: SELECT "AccountEntity"."id" AS "AccountEntity_id", "AccountEntity"."username" AS "AccountEntity_username", "AccountEntity"."display_name" AS "AccountEntity_display_name", "AccountEntity"."password_hash" AS "AccountEntity_password_hash", "AccountEntity"."role" AS "AccountEntity_role", "AccountEntity"."status" AS "AccountEntity_status", "AccountEntity"."created_at" AS "AccountEntity_created_at", "AccountEntity"."last_login_at" AS "AccountEntity_last_login_at" FROM "accounts" "AccountEntity" WHERE (("AccountEntity"."username" = $1) AND ("AccountEntity"."role" = $2)) LIMIT 1 -- PARAMETERS: ["test_user","app_user"]
query: START TRANSACTION
query: INSERT INTO "accounts"("id", "username", "display_name", "password_hash", "role", "status", "created_at", "last_login_at") VALUES (DEFAULT, $1, $2, $3, $4, $5, DEFAULT, $6) RETURNING "id", "role", "status", "created_at" -- PARAMETERS: ["test_user","test01","$2a$10$6.Zl.C0Exnfh8faVCfLhI.OhwruRB2bzroVHLaNQn6WsDxgE12kWW","app_user","active",null]
query: COMMIT
query: START TRANSACTION
query: INSERT INTO "notices"("id", "title", "content", "type", "status", "start_at", "end_at", "created_at") VALUES (DEFAULT, $1, $2, $3, $4, $5, $6, DEFAULT) RETURNING "id", "type", "status", "created_at" -- PARAMETERS: ["ćµ‹čŻ•","ćµ‹čŻ•ćµ‹čŻ•","info","active",null,null]
query: COMMIT
query: SELECT "AccountRefreshTokenEntity"."id" AS "AccountRefreshTokenEntity_id", "AccountRefreshTokenEntity"."account_id" AS "AccountRefreshTokenEntity_account_id", "AccountRefreshTokenEntity"."role" AS "AccountRefreshTokenEntity_role", "AccountRefreshTokenEntity"."token_hash" AS "AccountRefreshTokenEntity_token_hash", "AccountRefreshTokenEntity"."device_id" AS "AccountRefreshTokenEntity_device_id", "AccountRefreshTokenEntity"."expired_at" AS "AccountRefreshTokenEntity_expired_at", "AccountRefreshTokenEntity"."revoked_at" AS "AccountRefreshTokenEntity_revoked_at", "AccountRefreshTokenEntity"."created_at" AS "AccountRefreshTokenEntity_created_at" FROM "account_refresh_tokens" "AccountRefreshTokenEntity" WHERE (("AccountRefreshTokenEntity"."account_id" = $1) AND ("AccountRefreshTokenEntity"."token_hash" = $2) AND ("AccountRefreshTokenEntity"."role" = $3) AND ("AccountRefreshTokenEntity"."revoked_at" IS NULL)) LIMIT 1 -- PARAMETERS: ["47bca6b3-d941-4d4d-9585-dba66a17f7cc","55e8a74b330601ee21a9bb862ed3031397c1d537fb02baa8b48430ca3036a75a","admin"]
query: SELECT "AccountRefreshTokenEntity"."id" AS "AccountRefreshTokenEntity_id", "AccountRefreshTokenEntity"."account_id" AS "AccountRefreshTokenEntity_account_id", "AccountRefreshTokenEntity"."role" AS "AccountRefreshTokenEntity_role", "AccountRefreshTokenEntity"."token_hash" AS "AccountRefreshTokenEntity_token_hash", "AccountRefreshTokenEntity"."device_id" AS "AccountRefreshTokenEntity_device_id", "AccountRefreshTokenEntity"."expired_at" AS "AccountRefreshTokenEntity_expired_at", "AccountRefreshTokenEntity"."revoked_at" AS "AccountRefreshTokenEntity_revoked_at", "AccountRefreshTokenEntity"."created_at" AS "AccountRefreshTokenEntity_created_at" FROM "account_refresh_tokens" "AccountRefreshTokenEntity" WHERE "AccountRefreshTokenEntity"."id" IN ($1) -- PARAMETERS: ["6c069ee7-a36e-433e-870e-c1a576983b5e"]
query: START TRANSACTION
query: UPDATE "account_refresh_tokens" SET "revoked_at" = $1 WHERE "id" IN ($2) -- PARAMETERS: ["2026-04-22T09:22:56.923Z","6c069ee7-a36e-433e-870e-c1a576983b5e"]
query: COMMIT
query: SELECT "AccountEntity"."id" AS "AccountEntity_id", "AccountEntity"."username" AS "AccountEntity_username", "AccountEntity"."display_name" AS "AccountEntity_display_name", "AccountEntity"."password_hash" AS "AccountEntity_password_hash", "AccountEntity"."role" AS "AccountEntity_role", "AccountEntity"."status" AS "AccountEntity_status", "AccountEntity"."created_at" AS "AccountEntity_created_at", "AccountEntity"."last_login_at" AS "AccountEntity_last_login_at" FROM "accounts" "AccountEntity" WHERE (("AccountEntity"."username" = $1) AND ("AccountEntity"."role" = $2)) LIMIT 1 -- PARAMETERS: ["test_user","app_user"]
query: UPDATE "accounts" SET "last_login_at" = $1 WHERE "id" IN ($2) -- PARAMETERS: ["2026-04-22T09:23:16.763Z","7a03eeec-14e5-47b6-adb9-04209d7e8d30"]
query: START TRANSACTION
query: INSERT INTO "account_refresh_tokens"("id", "account_id", "role", "token_hash", "device_id", "expired_at", "revoked_at", "created_at") VALUES (DEFAULT, $1, $2, $3, $4, $5, $6, DEFAULT) RETURNING "id", "created_at" -- PARAMETERS: ["7a03eeec-14e5-47b6-adb9-04209d7e8d30","app_user","ff204da960a205cd4e762024c79d21c22b3ea9aea4590b366abe1c35458018ac","mock-device-client-001","2026-05-22T09:23:16.768Z",null]
query: COMMIT
query: SELECT "AccountEntity"."id" AS "AccountEntity_id", "AccountEntity"."username" AS "AccountEntity_username", "AccountEntity"."display_name" AS "AccountEntity_display_name", "AccountEntity"."password_hash" AS "AccountEntity_password_hash", "AccountEntity"."role" AS "AccountEntity_role", "AccountEntity"."status" AS "AccountEntity_status", "AccountEntity"."created_at" AS "AccountEntity_created_at", "AccountEntity"."last_login_at" AS "AccountEntity_last_login_at" FROM "accounts" "AccountEntity" WHERE (("AccountEntity"."id" = $1)) LIMIT 1 -- PARAMETERS: ["7a03eeec-14e5-47b6-adb9-04209d7e8d30"]
query: SELECT "DialPrefixConfigEntity"."id" AS "DialPrefixConfigEntity_id", "DialPrefixConfigEntity"."country_code" AS "DialPrefixConfigEntity_country_code", "DialPrefixConfigEntity"."carrier_name" AS "DialPrefixConfigEntity_carrier_name", "DialPrefixConfigEntity"."prefix" AS "DialPrefixConfigEntity_prefix", "DialPrefixConfigEntity"."status" AS "DialPrefixConfigEntity_status", "DialPrefixConfigEntity"."priority" AS "DialPrefixConfigEntity_priority", "DialPrefixConfigEntity"."remark" AS "DialPrefixConfigEntity_remark", "DialPrefixConfigEntity"."created_at" AS "DialPrefixConfigEntity_created_at", "DialPrefixConfigEntity"."updated_at" AS "DialPrefixConfigEntity_updated_at" FROM "dial_prefix_configs" "DialPrefixConfigEntity" WHERE (("DialPrefixConfigEntity"."country_code" = $1) AND ("DialPrefixConfigEntity"."status" = $2)) ORDER BY "DialPrefixConfigEntity"."priority" DESC, "DialPrefixConfigEntity"."carrier_name" ASC -- PARAMETERS: ["CN","active"]
query: SELECT "notice"."id" AS "notice_id", "notice"."title" AS "notice_title", "notice"."content" AS "notice_content", "notice"."type" AS "notice_type", "notice"."status" AS "notice_status", "notice"."start_at" AS "notice_start_at", "notice"."end_at" AS "notice_end_at", "notice"."created_at" AS "notice_created_at" FROM "notices" "notice" WHERE "notice"."status" = $1 AND ("notice"."start_at" IS NULL OR "notice"."start_at" <= $2) AND ("notice"."end_at" IS NULL OR "notice"."end_at" >= $2) ORDER BY "notice"."created_at" DESC -- PARAMETERS: ["active","2026-04-22T09:23:16.832Z"]
query: SELECT "AccountEntity"."id" AS "AccountEntity_id", "AccountEntity"."username" AS "AccountEntity_username", "AccountEntity"."display_name" AS "AccountEntity_display_name", "AccountEntity"."password_hash" AS "AccountEntity_password_hash", "AccountEntity"."role" AS "AccountEntity_role", "AccountEntity"."status" AS "AccountEntity_status", "AccountEntity"."created_at" AS "AccountEntity_created_at", "AccountEntity"."last_login_at" AS "AccountEntity_last_login_at" FROM "accounts" "AccountEntity" WHERE (("AccountEntity"."username" = $1) AND ("AccountEntity"."role" = $2)) LIMIT 1 -- PARAMETERS: ["demo_user","app_user"]
query: UPDATE "accounts" SET "last_login_at" = $1 WHERE "id" IN ($2) -- PARAMETERS: ["2026-04-22T11:41:15.426Z","17ef43a7-8763-450a-9577-364e5efa8957"]
query: START TRANSACTION
query: INSERT INTO "account_refresh_tokens"("id", "account_id", "role", "token_hash", "device_id", "expired_at", "revoked_at", "created_at") VALUES (DEFAULT, $1, $2, $3, $4, $5, $6, DEFAULT) RETURNING "id", "created_at" -- PARAMETERS: ["17ef43a7-8763-450a-9577-364e5efa8957","app_user","3795be51cc5e69ad412988f8b27671d337ba70792acd7df28d13c5a80ad50abd","round4-smoke-1776858075273","2026-05-22T11:41:15.438Z",null]
query: COMMIT
query: SELECT "AccountEntity"."id" AS "AccountEntity_id", "AccountEntity"."username" AS "AccountEntity_username", "AccountEntity"."display_name" AS "AccountEntity_display_name", "AccountEntity"."password_hash" AS "AccountEntity_password_hash", "AccountEntity"."role" AS "AccountEntity_role", "AccountEntity"."status" AS "AccountEntity_status", "AccountEntity"."created_at" AS "AccountEntity_created_at", "AccountEntity"."last_login_at" AS "AccountEntity_last_login_at" FROM "accounts" "AccountEntity" WHERE (("AccountEntity"."id" = $1)) LIMIT 1 -- PARAMETERS: ["17ef43a7-8763-450a-9577-364e5efa8957"]
query: SELECT "DialPrefixConfigEntity"."id" AS "DialPrefixConfigEntity_id", "DialPrefixConfigEntity"."country_code" AS "DialPrefixConfigEntity_country_code", "DialPrefixConfigEntity"."carrier_name" AS "DialPrefixConfigEntity_carrier_name", "DialPrefixConfigEntity"."prefix" AS "DialPrefixConfigEntity_prefix", "DialPrefixConfigEntity"."status" AS "DialPrefixConfigEntity_status", "DialPrefixConfigEntity"."priority" AS "DialPrefixConfigEntity_priority", "DialPrefixConfigEntity"."remark" AS "DialPrefixConfigEntity_remark", "DialPrefixConfigEntity"."created_at" AS "DialPrefixConfigEntity_created_at", "DialPrefixConfigEntity"."updated_at" AS "DialPrefixConfigEntity_updated_at" FROM "dial_prefix_configs" "DialPrefixConfigEntity" WHERE (("DialPrefixConfigEntity"."country_code" = $1) AND ("DialPrefixConfigEntity"."status" = $2)) ORDER BY "DialPrefixConfigEntity"."priority" DESC, "DialPrefixConfigEntity"."carrier_name" ASC -- PARAMETERS: ["CN","active"]
query: SELECT "notice"."id" AS "notice_id", "notice"."title" AS "notice_title", "notice"."content" AS "notice_content", "notice"."type" AS "notice_type", "notice"."status" AS "notice_status", "notice"."start_at" AS "notice_start_at", "notice"."end_at" AS "notice_end_at", "notice"."created_at" AS "notice_created_at" FROM "notices" "notice" WHERE "notice"."status" = $1 AND ("notice"."start_at" IS NULL OR "notice"."start_at" <= $2) AND ("notice"."end_at" IS NULL OR "notice"."end_at" >= $2) ORDER BY "notice"."created_at" DESC -- PARAMETERS: ["active","2026-04-22T11:41:15.504Z"]
query: SELECT "AccountRefreshTokenEntity"."id" AS "AccountRefreshTokenEntity_id", "AccountRefreshTokenEntity"."account_id" AS "AccountRefreshTokenEntity_account_id", "AccountRefreshTokenEntity"."role" AS "AccountRefreshTokenEntity_role", "AccountRefreshTokenEntity"."token_hash" AS "AccountRefreshTokenEntity_token_hash", "AccountRefreshTokenEntity"."device_id" AS "AccountRefreshTokenEntity_device_id", "AccountRefreshTokenEntity"."expired_at" AS "AccountRefreshTokenEntity_expired_at", "AccountRefreshTokenEntity"."revoked_at" AS "AccountRefreshTokenEntity_revoked_at", "AccountRefreshTokenEntity"."created_at" AS "AccountRefreshTokenEntity_created_at" FROM "account_refresh_tokens" "AccountRefreshTokenEntity" WHERE (("AccountRefreshTokenEntity"."token_hash" = $1) AND ("AccountRefreshTokenEntity"."revoked_at" IS NULL) AND ("AccountRefreshTokenEntity"."role" = $2)) ORDER BY "AccountRefreshTokenEntity"."created_at" DESC LIMIT 1 -- PARAMETERS: ["3795be51cc5e69ad412988f8b27671d337ba70792acd7df28d13c5a80ad50abd","app_user"]
query: SELECT "AccountRefreshTokenEntity"."id" AS "AccountRefreshTokenEntity_id", "AccountRefreshTokenEntity"."account_id" AS "AccountRefreshTokenEntity_account_id", "AccountRefreshTokenEntity"."role" AS "AccountRefreshTokenEntity_role", "AccountRefreshTokenEntity"."token_hash" AS "AccountRefreshTokenEntity_token_hash", "AccountRefreshTokenEntity"."device_id" AS "AccountRefreshTokenEntity_device_id", "AccountRefreshTokenEntity"."expired_at" AS "AccountRefreshTokenEntity_expired_at", "AccountRefreshTokenEntity"."revoked_at" AS "AccountRefreshTokenEntity_revoked_at", "AccountRefreshTokenEntity"."created_at" AS "AccountRefreshTokenEntity_created_at" FROM "account_refresh_tokens" "AccountRefreshTokenEntity" WHERE "AccountRefreshTokenEntity"."id" IN ($1) -- PARAMETERS: ["a984ab4d-9adb-4182-8d21-032917a4333f"]
query: START TRANSACTION
query: UPDATE "account_refresh_tokens" SET "revoked_at" = $1 WHERE "id" IN ($2) -- PARAMETERS: ["2026-04-22T11:41:15.513Z","a984ab4d-9adb-4182-8d21-032917a4333f"]
query: COMMIT
query: SELECT "AccountEntity"."id" AS "AccountEntity_id", "AccountEntity"."username" AS "AccountEntity_username", "AccountEntity"."display_name" AS "AccountEntity_display_name", "AccountEntity"."password_hash" AS "AccountEntity_password_hash", "AccountEntity"."role" AS "AccountEntity_role", "AccountEntity"."status" AS "AccountEntity_status", "AccountEntity"."created_at" AS "AccountEntity_created_at", "AccountEntity"."last_login_at" AS "AccountEntity_last_login_at" FROM "accounts" "AccountEntity" WHERE (("AccountEntity"."id" = $1)) LIMIT 1 -- PARAMETERS: ["17ef43a7-8763-450a-9577-364e5efa8957"]
query: START TRANSACTION
query: INSERT INTO "account_refresh_tokens"("id", "account_id", "role", "token_hash", "device_id", "expired_at", "revoked_at", "created_at") VALUES (DEFAULT, $1, $2, $3, $4, $5, $6, DEFAULT) RETURNING "id", "created_at" -- PARAMETERS: ["17ef43a7-8763-450a-9577-364e5efa8957","app_user","880b67e162c7128f35c8a0404494265911ce8e421b2d6f6e04d22d9a049d91df","round4-smoke-1776858075273","2026-05-22T11:41:15.518Z",null]
query: COMMIT
query: SELECT "AccountRefreshTokenEntity"."id" AS "AccountRefreshTokenEntity_id", "AccountRefreshTokenEntity"."account_id" AS "AccountRefreshTokenEntity_account_id", "AccountRefreshTokenEntity"."role" AS "AccountRefreshTokenEntity_role", "AccountRefreshTokenEntity"."token_hash" AS "AccountRefreshTokenEntity_token_hash", "AccountRefreshTokenEntity"."device_id" AS "AccountRefreshTokenEntity_device_id", "AccountRefreshTokenEntity"."expired_at" AS "AccountRefreshTokenEntity_expired_at", "AccountRefreshTokenEntity"."revoked_at" AS "AccountRefreshTokenEntity_revoked_at", "AccountRefreshTokenEntity"."created_at" AS "AccountRefreshTokenEntity_created_at" FROM "account_refresh_tokens" "AccountRefreshTokenEntity" WHERE (("AccountRefreshTokenEntity"."account_id" = $1) AND ("AccountRefreshTokenEntity"."token_hash" = $2) AND ("AccountRefreshTokenEntity"."role" = $3) AND ("AccountRefreshTokenEntity"."revoked_at" IS NULL)) LIMIT 1 -- PARAMETERS: ["17ef43a7-8763-450a-9577-364e5efa8957","880b67e162c7128f35c8a0404494265911ce8e421b2d6f6e04d22d9a049d91df","app_user"]
query: SELECT "AccountRefreshTokenEntity"."id" AS "AccountRefreshTokenEntity_id", "AccountRefreshTokenEntity"."account_id" AS "AccountRefreshTokenEntity_account_id", "AccountRefreshTokenEntity"."role" AS "AccountRefreshTokenEntity_role", "AccountRefreshTokenEntity"."token_hash" AS "AccountRefreshTokenEntity_token_hash", "AccountRefreshTokenEntity"."device_id" AS "AccountRefreshTokenEntity_device_id", "AccountRefreshTokenEntity"."expired_at" AS "AccountRefreshTokenEntity_expired_at", "AccountRefreshTokenEntity"."revoked_at" AS "AccountRefreshTokenEntity_revoked_at", "AccountRefreshTokenEntity"."created_at" AS "AccountRefreshTokenEntity_created_at" FROM "account_refresh_tokens" "AccountRefreshTokenEntity" WHERE "AccountRefreshTokenEntity"."id" IN ($1) -- PARAMETERS: ["d51f4f69-b6cd-4a56-8a55-0e5ea63dfee0"]
query: START TRANSACTION
query: UPDATE "account_refresh_tokens" SET "revoked_at" = $1 WHERE "id" IN ($2) -- PARAMETERS: ["2026-04-22T11:41:15.525Z","d51f4f69-b6cd-4a56-8a55-0e5ea63dfee0"]
query: COMMIT
query: SELECT "AccountEntity"."id" AS "AccountEntity_id", "AccountEntity"."username" AS "AccountEntity_username", "AccountEntity"."display_name" AS "AccountEntity_display_name", "AccountEntity"."password_hash" AS "AccountEntity_password_hash", "AccountEntity"."role" AS "AccountEntity_role", "AccountEntity"."status" AS "AccountEntity_status", "AccountEntity"."created_at" AS "AccountEntity_created_at", "AccountEntity"."last_login_at" AS "AccountEntity_last_login_at" FROM "accounts" "AccountEntity" WHERE (("AccountEntity"."username" = $1) AND ("AccountEntity"."role" = $2)) LIMIT 1 -- PARAMETERS: ["demo_user","app_user"]
query: UPDATE "accounts" SET "last_login_at" = $1 WHERE "id" IN ($2) -- PARAMETERS: ["2026-04-22T11:41:45.238Z","17ef43a7-8763-450a-9577-364e5efa8957"]
query: START TRANSACTION
query: INSERT INTO "account_refresh_tokens"("id", "account_id", "role", "token_hash", "device_id", "expired_at", "revoked_at", "created_at") VALUES (DEFAULT, $1, $2, $3, $4, $5, $6, DEFAULT) RETURNING "id", "created_at" -- PARAMETERS: ["17ef43a7-8763-450a-9577-364e5efa8957","app_user","d59d2454318e1042fe61d359eef2ca59911bdfada84e1aaa328c97c8dea1b024","qa-r5-r2-d","2026-05-22T11:41:45.243Z",null]
query: COMMIT
